<?xml version="1.0" encoding="UTF-8"?>
<!-- Generated by org.testng.reporters.JUnitReportReporter -->
<testsuite skipped="0" hostname="INDIA-DeepakN" name="BDD.APITesting.AppTest" tests="1" failures="0" timestamp="2021-02-24T11:20:25 IST" time="0.021" errors="0">
  <testcase name="testApp" time="0.021" classname="BDD.APITesting.AppTest"/>
  <system-out/>
</testsuite> <!-- BDD.APITesting.AppTest -->
